<?xml version="1.0" encoding="UTF-8"?>
<testsuite name="de.uni_halle.informatik.biodata.mp.annotation.bigg.BiGGSpeciesAnnotatorTest" tests="5" skipped="0" failures="0" errors="0" timestamp="2024-09-05T17:21:30" hostname="rick" time="0.244">
  <properties/>
  <testcase name="H2OAnnotationTest()" classname="de.uni_halle.informatik.biodata.mp.annotation.bigg.BiGGSpeciesAnnotatorTest" time="0.03"/>
  <testcase name="getBiGGIdFromResourcesTest()" classname="de.uni_halle.informatik.biodata.mp.annotation.bigg.BiGGSpeciesAnnotatorTest" time="0.101"/>
  <testcase name="unknownMetaboliteCanBeInferredFromCV()" classname="de.uni_halle.informatik.biodata.mp.annotation.bigg.BiGGSpeciesAnnotatorTest" time="0.1"/>
  <testcase name="unknownMetaboliteCanBeInferredFromId()" classname="de.uni_halle.informatik.biodata.mp.annotation.bigg.BiGGSpeciesAnnotatorTest" time="0.006"/>
  <testcase name="basicAnnotationTest()" classname="de.uni_halle.informatik.biodata.mp.annotation.bigg.BiGGSpeciesAnnotatorTest" time="0.006"/>
  <system-out><![CDATA[]]></system-out>
  <system-err><![CDATA[]]></system-err>
</testsuite>
