<?xml version="1.0" encoding="UTF-8"?>
<testsuite name="de.uni_halle.informatik.biodata.mp.polishing.ReactionsPolisherTest" tests="5" skipped="0" failures="0" errors="0" timestamp="2024-09-05T17:21:42" hostname="rick" time="0.013">
  <properties/>
  <testcase name="reactionCompartmentIsNotOverridden()" classname="de.uni_halle.informatik.biodata.mp.polishing.ReactionsPolisherTest" time="0.004"/>
  <testcase name="fastIsOkay()" classname="de.uni_halle.informatik.biodata.mp.polishing.ReactionsPolisherTest" time="0.002"/>
  <testcase name="speciesReferencesWithoutSpeciesAreRetained()" classname="de.uni_halle.informatik.biodata.mp.polishing.ReactionsPolisherTest" time="0.002"/>
  <testcase name="defaultsAreSet()" classname="de.uni_halle.informatik.biodata.mp.polishing.ReactionsPolisherTest" time="0.002"/>
  <testcase name="reactionCompartmentIsSetFromParticipants()" classname="de.uni_halle.informatik.biodata.mp.polishing.ReactionsPolisherTest" time="0.001"/>
  <system-out><![CDATA[]]></system-out>
  <system-err><![CDATA[]]></system-err>
</testsuite>
