<?xml version="1.0" encoding="UTF-8"?>
<testsuite name="de.uni_halle.informatik.biodata.mp.io.CombineArchiveTest" tests="1" skipped="0" failures="0" errors="0" timestamp="2024-09-05T17:21:31" hostname="rick" time="0.011">
  <properties/>
  <testcase name="testArchiveComponents()" classname="de.uni_halle.informatik.biodata.mp.io.CombineArchiveTest" time="0.011"/>
  <system-out><![CDATA[]]></system-out>
  <system-err><![CDATA[]]></system-err>
</testsuite>
