<?xml version="1.0" encoding="UTF-8"?>
<testsuite name="de.uni_halle.informatik.biodata.mp.polishing.fbc.FBCReactionPolisherTest" tests="6" skipped="0" failures="0" errors="0" timestamp="2024-09-05T17:21:42" hostname="rick" time="0.014">
  <properties/>
  <testcase name="existingBoundsGetDefaults()" classname="de.uni_halle.informatik.biodata.mp.polishing.fbc.FBCReactionPolisherTest" time="0.002"/>
  <testcase name="boundsAreCreatedFromLocalParameters()" classname="de.uni_halle.informatik.biodata.mp.polishing.fbc.FBCReactionPolisherTest" time="0.002"/>
  <testcase name="existingObjectivesAreRespected()" classname="de.uni_halle.informatik.biodata.mp.polishing.fbc.FBCReactionPolisherTest" time="0.002"/>
  <testcase name="newBoundsSettingsByValueAndExistingParameters()" classname="de.uni_halle.informatik.biodata.mp.polishing.fbc.FBCReactionPolisherTest" time="0.001"/>
  <testcase name="notesToGPRs()" classname="de.uni_halle.informatik.biodata.mp.polishing.fbc.FBCReactionPolisherTest" time="0.002"/>
  <testcase name="fluxObjectivesAreSetFromKinematicLaws()" classname="de.uni_halle.informatik.biodata.mp.polishing.fbc.FBCReactionPolisherTest" time="0.002"/>
  <system-out><![CDATA[]]></system-out>
  <system-err><![CDATA[]]></system-err>
</testsuite>
