<?xml version="1.0" encoding="UTF-8"?>
<testsuite name="de.uni_halle.informatik.biodata.mp.db.bigg.BiGGDBTest" tests="2" skipped="0" failures="0" errors="0" timestamp="2024-09-05T17:21:30" hostname="rick" time="0.006">
  <properties/>
  <testcase name="getSubsystems()" classname="de.uni_halle.informatik.biodata.mp.db.bigg.BiGGDBTest" time="0.002"/>
  <testcase name="dataSources()" classname="de.uni_halle.informatik.biodata.mp.db.bigg.BiGGDBTest" time="0.002"/>
  <system-out><![CDATA[]]></system-out>
  <system-err><![CDATA[]]></system-err>
</testsuite>
