<?xml version="1.0" encoding="UTF-8"?>
<testsuite name="de.uni_halle.informatik.biodata.mp.fixing.fbc.FBCSpeciesFixerTest" tests="1" skipped="0" failures="0" errors="0" timestamp="2024-09-05T17:21:31" hostname="rick" time="0.002">
  <properties/>
  <testcase name="fixChemicalFormula()" classname="de.uni_halle.informatik.biodata.mp.fixing.fbc.FBCSpeciesFixerTest" time="0.002"/>
  <system-out><![CDATA[]]></system-out>
  <system-err><![CDATA[]]></system-err>
</testsuite>
