<?xml version="1.0" encoding="UTF-8"?>
<testsuite name="de.uni_halle.informatik.biodata.mp.annotation.bigg.BiGGReactionsAnnotatorTest" tests="1" skipped="0" failures="0" errors="0" timestamp="2024-09-05T17:21:29" hostname="rick" time="0.678">
  <properties/>
  <testcase name="getBiGGIdFromResourcesTest()" classname="de.uni_halle.informatik.biodata.mp.annotation.bigg.BiGGReactionsAnnotatorTest" time="0.678"/>
  <system-out><![CDATA[]]></system-out>
  <system-err><![CDATA[]]></system-err>
</testsuite>
