<?xml version="1.0" encoding="UTF-8"?>
<testsuite name="de.uni_halle.informatik.biodata.mp.parameters.ParametersParserTest" tests="2" skipped="0" failures="0" errors="0" timestamp="2024-09-05T17:21:42" hostname="rick" time="0.022">
  <properties/>
  <testcase name="parse()" classname="de.uni_halle.informatik.biodata.mp.parameters.ParametersParserTest" time="0.016"/>
  <testcase name="defaults()" classname="de.uni_halle.informatik.biodata.mp.parameters.ParametersParserTest" time="0.005"/>
  <system-out><![CDATA[]]></system-out>
  <system-err><![CDATA[]]></system-err>
</testsuite>
