<?xml version="1.0" encoding="UTF-8"?>
<testsuite name="de.uni_halle.informatik.biodata.mp.annotation.bigg.BiGGCompartmentsAnnotatorTest" tests="2" skipped="0" failures="0" errors="0" timestamp="2024-09-05T17:21:29" hostname="rick" time="0.44">
  <properties/>
  <testcase name="annotateKnownCompartments()" classname="de.uni_halle.informatik.biodata.mp.annotation.bigg.BiGGCompartmentsAnnotatorTest" time="0.435"/>
  <testcase name="nameAnnotationIsSane()" classname="de.uni_halle.informatik.biodata.mp.annotation.bigg.BiGGCompartmentsAnnotatorTest" time="0.003"/>
  <system-out><![CDATA[2024-09-05 19:21:15,783 [Test worker]  WARN  o.t.utility.ResourceReaper - 
********************************************************************************
Ryuk has been disabled. This can cause unexpected behavior in your environment.
********************************************************************************
2024-09-05 19:21:15,863 [Test worker]  INFO  tc.schmirgel/bigg_db:1.6 - Creating container for image: schmirgel/bigg_db:1.6
2024-09-05 19:21:15,878 [Test worker]  WARN  tc.schmirgel/bigg_db:1.6 - Reuse was requested but the environment does not support the reuse of containers
To enable reuse of containers, you must set 'testcontainers.reuse.enable=true' in a file located at /home/rick/.testcontainers.properties
2024-09-05 19:21:28,503 [Test worker]  INFO  tc.schmirgel/bigg_db:1.6 - Container schmirgel/bigg_db:1.6 is starting: a30b2ddf3b34c8c23faafbdf00a3499fa33b79c171a2d132204bd61e5d2326cb
2024-09-05 19:21:28,973 [Test worker]  INFO  tc.schmirgel/bigg_db:1.6 - Container schmirgel/bigg_db:1.6 started in PT13.109609158S
2024-09-05 19:21:28,992 [Test worker]  INFO  com.zaxxer.hikari.HikariDataSource - HikariPool-1 - Starting...
2024-09-05 19:21:29,186 [Test worker]  INFO  com.zaxxer.hikari.pool.HikariPool - HikariPool-1 - Added connection org.postgresql.jdbc.PgConnection@7a0f244f
2024-09-05 19:21:29,188 [Test worker]  INFO  com.zaxxer.hikari.HikariDataSource - HikariPool-1 - Start completed.
]]></system-out>
  <system-err><![CDATA[SLF4J(I): Connected with provider of type [ch.qos.logback.classic.spi.LogbackServiceProvider]
ERROR StatusLogger Log4j2 could not find a logging implementation. Please add log4j-core to the classpath. Using SimpleLogger to log to the console...
]]></system-err>
</testsuite>
