<?xml version="1.0" encoding="UTF-8"?>
<testsuite name="de.uni_halle.informatik.biodata.mp.polishing.fbc.ObjectivesPolisherTest" tests="1" skipped="0" failures="0" errors="0" timestamp="2024-09-05T17:21:42" hostname="rick" time="0.001">
  <properties/>
  <testcase name="activeObjectiveRemainsUnchangedIfItHasFluxObjective()" classname="de.uni_halle.informatik.biodata.mp.polishing.fbc.ObjectivesPolisherTest" time="0.001"/>
  <system-out><![CDATA[]]></system-out>
  <system-err><![CDATA[]]></system-err>
</testsuite>
