<?xml version="1.0" encoding="UTF-8"?>
<testsuite name="de.uni_halle.informatik.biodata.mp.polishing.SpeciesPolisherTest" tests="2" skipped="0" failures="0" errors="0" timestamp="2024-09-05T17:21:42" hostname="rick" time="0.005">
  <properties/>
  <testcase name="compartmentIsSetFromId()" classname="de.uni_halle.informatik.biodata.mp.polishing.SpeciesPolisherTest" time="0.003"/>
  <testcase name="defaultsAreSet()" classname="de.uni_halle.informatik.biodata.mp.polishing.SpeciesPolisherTest" time="0.002"/>
  <system-out><![CDATA[]]></system-out>
  <system-err><![CDATA[]]></system-err>
</testsuite>
