<?xml version="1.0" encoding="UTF-8"?>
<testsuite name="de.uni_halle.informatik.biodata.mp.validation.ModelValidatorTest" tests="1" skipped="0" failures="0" errors="0" timestamp="2024-09-05T17:21:42" hostname="rick" time="0.012">
  <properties/>
  <testcase name="invalidSBMLFails()" classname="de.uni_halle.informatik.biodata.mp.validation.ModelValidatorTest" time="0.012"/>
  <system-out><![CDATA[]]></system-out>
  <system-err><![CDATA[]]></system-err>
</testsuite>
